<?xml version="1.0" encoding="UTF-8"?>
<!-- Generated by org.testng.reporters.JUnitReportReporter -->
<testsuite hostname="DESKTOP-GSO9ECU" failures="0" tests="1" name="testCases.TC001_AccountRegistratin" time="3.580" errors="0" timestamp="2024-08-28T10:21:24 IST" skipped="0">
  <testcase classname="testCases.TC001_AccountRegistratin" name="verify_account_registration" time="3.580"/>
</testsuite> <!-- testCases.TC001_AccountRegistratin -->
