<?xml version="1.0" encoding="UTF-8"?>
<!-- Generated by org.testng.reporters.JUnitReportReporter -->
<testsuite hostname="DESKTOP-GSO9ECU" failures="0" tests="1" name="testCases.TC003_LogedIn" time="2.703" errors="0" timestamp="2024-08-28T10:28:52 IST" skipped="0">
  <testcase classname="testCases.TC003_LogedIn" name="Login" time="2.703"/>
</testsuite> <!-- testCases.TC003_LogedIn -->
